<?xml version="1.0" encoding="UTF-8"?>
<testsuite xmlns:xsi="http://www.w3.org/2001/XMLSchema-instance" xsi:noNamespaceSchemaLocation="https://maven.apache.org/surefire/maven-surefire-plugin/xsd/surefire-test-report.xsd" name="TP1.MouadProjet.AwesomePasswordCheckerTest" time="0.067" tests="4" errors="3" skipped="0" failures="1">
  <properties>
    <property name="java.specification.version" value="21"/>
    <property name="sun.jnu.encoding" value="UTF-8"/>
    <property name="java.class.path" value="/home/mouad/tpRevueCode/mouadProject/target/test-classes:/home/mouad/tpRevueCode/mouadProject/target/classes:/home/mouad/.m2/repository/org/junit/jupiter/junit-jupiter-api/5.7.2/junit-jupiter-api-5.7.2.jar:/home/mouad/.m2/repository/org/apiguardian/apiguardian-api/1.1.0/apiguardian-api-1.1.0.jar:/home/mouad/.m2/repository/org/opentest4j/opentest4j/1.2.0/opentest4j-1.2.0.jar:/home/mouad/.m2/repository/org/junit/platform/junit-platform-commons/1.7.2/junit-platform-commons-1.7.2.jar:/home/mouad/.m2/repository/org/junit/jupiter/junit-jupiter-engine/5.7.2/junit-jupiter-engine-5.7.2.jar:/home/mouad/.m2/repository/org/junit/platform/junit-platform-engine/1.7.2/junit-platform-engine-1.7.2.jar:/home/mouad/.m2/repository/junit/junit/4.13.1/junit-4.13.1.jar:/home/mouad/.m2/repository/org/hamcrest/hamcrest-core/1.3/hamcrest-core-1.3.jar:"/>
    <property name="java.vm.vendor" value="Ubuntu"/>
    <property name="sun.arch.data.model" value="64"/>
    <property name="java.vendor.url" value="https://ubuntu.com/"/>
    <property name="os.name" value="Linux"/>
    <property name="java.vm.specification.version" value="21"/>
    <property name="sun.java.launcher" value="SUN_STANDARD"/>
    <property name="user.country" value="FR"/>
    <property name="sun.boot.library.path" value="/usr/lib/jvm/java-21-openjdk-amd64/lib"/>
    <property name="sun.java.command" value="/home/mouad/tpRevueCode/mouadProject/target/surefire/surefirebooter8081265623075806999.jar /home/mouad/tpRevueCode/mouadProject/target/surefire 2024-11-18T09-30-07_688-jvmRun1 surefire5192818330479892872tmp surefire_011095706567295784129tmp"/>
    <property name="jdk.debug" value="release"/>
    <property name="surefire.test.class.path" value="/home/mouad/tpRevueCode/mouadProject/target/test-classes:/home/mouad/tpRevueCode/mouadProject/target/classes:/home/mouad/.m2/repository/org/junit/jupiter/junit-jupiter-api/5.7.2/junit-jupiter-api-5.7.2.jar:/home/mouad/.m2/repository/org/apiguardian/apiguardian-api/1.1.0/apiguardian-api-1.1.0.jar:/home/mouad/.m2/repository/org/opentest4j/opentest4j/1.2.0/opentest4j-1.2.0.jar:/home/mouad/.m2/repository/org/junit/platform/junit-platform-commons/1.7.2/junit-platform-commons-1.7.2.jar:/home/mouad/.m2/repository/org/junit/jupiter/junit-jupiter-engine/5.7.2/junit-jupiter-engine-5.7.2.jar:/home/mouad/.m2/repository/org/junit/platform/junit-platform-engine/1.7.2/junit-platform-engine-1.7.2.jar:/home/mouad/.m2/repository/junit/junit/4.13.1/junit-4.13.1.jar:/home/mouad/.m2/repository/org/hamcrest/hamcrest-core/1.3/hamcrest-core-1.3.jar:"/>
    <property name="sun.cpu.endian" value="little"/>
    <property name="user.home" value="/home/mouad"/>
    <property name="user.language" value="fr"/>
    <property name="java.specification.vendor" value="Oracle Corporation"/>
    <property name="java.version.date" value="2024-10-15"/>
    <property name="java.home" value="/usr/lib/jvm/java-21-openjdk-amd64"/>
    <property name="file.separator" value="/"/>
    <property name="basedir" value="/home/mouad/tpRevueCode/mouadProject"/>
    <property name="java.vm.compressedOopsMode" value="32-bit"/>
    <property name="line.separator" value="&#10;"/>
    <property name="java.specification.name" value="Java Platform API Specification"/>
    <property name="java.vm.specification.vendor" value="Oracle Corporation"/>
    <property name="surefire.real.class.path" value="/home/mouad/tpRevueCode/mouadProject/target/surefire/surefirebooter8081265623075806999.jar"/>
    <property name="sun.management.compiler" value="HotSpot 64-Bit Tiered Compilers"/>
    <property name="java.runtime.version" value="21.0.5+11-Ubuntu-1ubuntu124.04"/>
    <property name="user.name" value="mouad"/>
    <property name="stdout.encoding" value="UTF-8"/>
    <property name="path.separator" value=":"/>
    <property name="os.version" value="6.8.0-48-generic"/>
    <property name="java.runtime.name" value="OpenJDK Runtime Environment"/>
    <property name="file.encoding" value="UTF-8"/>
    <property name="java.vm.name" value="OpenJDK 64-Bit Server VM"/>
    <property name="localRepository" value="/home/mouad/.m2/repository"/>
    <property name="java.vendor.url.bug" value="https://bugs.launchpad.net/ubuntu/+source/openjdk-21"/>
    <property name="java.io.tmpdir" value="/tmp"/>
    <property name="java.version" value="21.0.5"/>
    <property name="user.dir" value="/home/mouad/tpRevueCode/mouadProject"/>
    <property name="os.arch" value="amd64"/>
    <property name="java.vm.specification.name" value="Java Virtual Machine Specification"/>
    <property name="native.encoding" value="UTF-8"/>
    <property name="java.library.path" value="/usr/java/packages/lib:/usr/lib/x86_64-linux-gnu/jni:/lib/x86_64-linux-gnu:/usr/lib/x86_64-linux-gnu:/usr/lib/jni:/lib:/usr/lib"/>
    <property name="java.vm.info" value="mixed mode, sharing"/>
    <property name="stderr.encoding" value="UTF-8"/>
    <property name="java.vendor" value="Ubuntu"/>
    <property name="java.vm.version" value="21.0.5+11-Ubuntu-1ubuntu124.04"/>
    <property name="sun.io.unicode.encoding" value="UnicodeLittle"/>
    <property name="java.class.version" value="65.0"/>
  </properties>
  <testcase name="testSingletonInstance" classname="TP1.MouadProjet.AwesomePasswordCheckerTest" time="0.039">
    <error message="src/test/resource/cluster_centers_HAC_aff.csv (Aucun fichier ou dossier de ce nom)" type="java.io.FileNotFoundException">java.io.FileNotFoundException: src/test/resource/cluster_centers_HAC_aff.csv (Aucun fichier ou dossier de ce nom)
	at TP1.MouadProjet.AwesomePasswordCheckerTest.testSingletonInstance(AwesomePasswordCheckerTest.java:43)
</error>
  </testcase>
  <testcase name="testComputeMD5" classname="TP1.MouadProjet.AwesomePasswordCheckerTest" time="0.002">
    <failure message="Les hachages MD5 ne correspondent pas. ==&gt; expected: &lt;ef92b778bafe771e89245b0c946c1e8c&gt; but was: &lt;b7e283a09511d95d6eac86e39e7942c0&gt;" type="org.opentest4j.AssertionFailedError"><![CDATA[org.opentest4j.AssertionFailedError: Les hachages MD5 ne correspondent pas. ==> expected: <ef92b778bafe771e89245b0c946c1e8c> but was: <b7e283a09511d95d6eac86e39e7942c0>
	at TP1.MouadProjet.AwesomePasswordCheckerTest.testComputeMD5(AwesomePasswordCheckerTest.java:37)
]]></failure>
  </testcase>
  <testcase name="testGetDIstance" classname="TP1.MouadProjet.AwesomePasswordCheckerTest" time="0.003">
    <error message="Cannot invoke &quot;TP1.MouadProjet.AwesomePasswordChecker.getDIstance(String)&quot; because &quot;TP1.MouadProjet.AwesomePasswordCheckerTest.checker&quot; is null" type="java.lang.NullPointerException">java.lang.NullPointerException: Cannot invoke "TP1.MouadProjet.AwesomePasswordChecker.getDIstance(String)" because "TP1.MouadProjet.AwesomePasswordCheckerTest.checker" is null
	at TP1.MouadProjet.AwesomePasswordCheckerTest.testGetDIstance(AwesomePasswordCheckerTest.java:28)
</error>
  </testcase>
  <testcase name="testMaskAff" classname="TP1.MouadProjet.AwesomePasswordCheckerTest" time="0.001">
    <error message="Cannot invoke &quot;TP1.MouadProjet.AwesomePasswordChecker.maskAff(String)&quot; because &quot;TP1.MouadProjet.AwesomePasswordCheckerTest.checker&quot; is null" type="java.lang.NullPointerException">java.lang.NullPointerException: Cannot invoke "TP1.MouadProjet.AwesomePasswordChecker.maskAff(String)" because "TP1.MouadProjet.AwesomePasswordCheckerTest.checker" is null
	at TP1.MouadProjet.AwesomePasswordCheckerTest.testMaskAff(AwesomePasswordCheckerTest.java:21)
</error>
  </testcase>
</testsuite>