<?xml version="1.0" encoding="UTF-8"?>
<testsuite xmlns:xsi="http://www.w3.org/2001/XMLSchema-instance" xsi:noNamespaceSchemaLocation="https://maven.apache.org/surefire/maven-surefire-plugin/xsd/surefire-test-report.xsd" name="TP1.MouadProjet.AwesomePasswordCheckerTest" time="0.067" tests="4" errors="3" skipped="0" failures="1">
  <properties>
[...]
</properties>
  <testcase name="testSingletonInstance" classname="TP1.MouadProjet.AwesomePasswordCheckerTest" time="0.039">
    <error message="src/test/resource/cluster_centers_HAC_aff.csv (Aucun fichier ou dossier de ce nom)" type="java.io.FileNotFoundException">java.io.FileNotFoundException: src/test/resource/cluster_centers_HAC_aff.csv (Aucun fichier ou dossier de ce nom)
	at TP1.MouadProjet.AwesomePasswordCheckerTest.testSingletonInstance(AwesomePasswordCheckerTest.java:43)
</error>
  </testcase>
  <testcase name="testComputeMD5" classname="TP1.MouadProjet.AwesomePasswordCheckerTest" time="0.002">
    <failure message="Les hachages MD5 ne correspondent pas. ==&gt; expected: &lt;ef92b778bafe771e89245b0c946c1e8c&gt; but was: &lt;b7e283a09511d95d6eac86e39e7942c0&gt;" type="org.opentest4j.AssertionFailedError"><![CDATA[org.opentest4j.AssertionFailedError: Les hachages MD5 ne correspondent pas. ==> expected: <ef92b778bafe771e89245b0c946c1e8c> but was: <b7e283a09511d95d6eac86e39e7942c0>
	at TP1.MouadProjet.AwesomePasswordCheckerTest.testComputeMD5(AwesomePasswordCheckerTest.java:37)
]]></failure>
  </testcase>
  <testcase name="testGetDIstance" classname="TP1.MouadProjet.AwesomePasswordCheckerTest" time="0.003">
    <error message="Cannot invoke &quot;TP1.MouadProjet.AwesomePasswordChecker.getDIstance(String)&quot; because &quot;TP1.MouadProjet.AwesomePasswordCheckerTest.checker&quot; is null" type="java.lang.NullPointerException">java.lang.NullPointerException: Cannot invoke "TP1.MouadProjet.AwesomePasswordChecker.getDIstance(String)" because "TP1.MouadProjet.AwesomePasswordCheckerTest.checker" is null
	at TP1.MouadProjet.AwesomePasswordCheckerTest.testGetDIstance(AwesomePasswordCheckerTest.java:28)
</error>
  </testcase>
  <testcase name="testMaskAff" classname="TP1.MouadProjet.AwesomePasswordCheckerTest" time="0.001">
    <error message="Cannot invoke &quot;TP1.MouadProjet.AwesomePasswordChecker.maskAff(String)&quot; because &quot;TP1.MouadProjet.AwesomePasswordCheckerTest.checker&quot; is null" type="java.lang.NullPointerException">java.lang.NullPointerException: Cannot invoke "TP1.MouadProjet.AwesomePasswordChecker.maskAff(String)" because "TP1.MouadProjet.AwesomePasswordCheckerTest.checker" is null
	at TP1.MouadProjet.AwesomePasswordCheckerTest.testMaskAff(AwesomePasswordCheckerTest.java:21)
</error>
  </testcase>
</testsuite>