<?xml version="1.0" encoding="UTF-8"?>
<testsuite xmlns:xsi="http://www.w3.org/2001/XMLSchema-instance" xsi:noNamespaceSchemaLocation="https://maven.apache.org/surefire/maven-surefire-plugin/xsd/surefire-test-report.xsd" name="TP1.MouadProjet.AwesomePasswordCheckerTest" time="0.062" tests="4" errors="4" skipped="0" failures="0">
  <properties>
[...]
</properties>
  <testcase name="testComputeMd5" classname="TP1.MouadProjet.AwesomePasswordCheckerTest" time="0.033">
    <error message="Cannot invoke &quot;java.net.URL.getFile()&quot; because the return value of &quot;java.lang.ClassLoader.getResource(String)&quot; is null" type="java.lang.NullPointerException">java.lang.NullPointerException: Cannot invoke "java.net.URL.getFile()" because the return value of "java.lang.ClassLoader.getResource(String)" is null
	at TP1.MouadProjet.AwesomePasswordCheckerTest.setUp(AwesomePasswordCheckerTest.java:22)
</error>
  </testcase>
  <testcase name="testMaskAff" classname="TP1.MouadProjet.AwesomePasswordCheckerTest" time="0.001">
    <error message="Cannot invoke &quot;java.net.URL.getFile()&quot; because the return value of &quot;java.lang.ClassLoader.getResource(String)&quot; is null" type="java.lang.NullPointerException">java.lang.NullPointerException: Cannot invoke "java.net.URL.getFile()" because the return value of "java.lang.ClassLoader.getResource(String)" is null
	at TP1.MouadProjet.AwesomePasswordCheckerTest.setUp(AwesomePasswordCheckerTest.java:22)
</error>
  </testcase>
  <testcase name="testGetDistance" classname="TP1.MouadProjet.AwesomePasswordCheckerTest" time="0.001">
    <error message="Cannot invoke &quot;java.net.URL.getFile()&quot; because the return value of &quot;java.lang.ClassLoader.getResource(String)&quot; is null" type="java.lang.NullPointerException">java.lang.NullPointerException: Cannot invoke "java.net.URL.getFile()" because the return value of "java.lang.ClassLoader.getResource(String)" is null
	at TP1.MouadProjet.AwesomePasswordCheckerTest.setUp(AwesomePasswordCheckerTest.java:22)
</error>
  </testcase>
  <testcase name="testClusterCentersLoaded" classname="TP1.MouadProjet.AwesomePasswordCheckerTest" time="0.001">
    <error message="Cannot invoke &quot;java.net.URL.getFile()&quot; because the return value of &quot;java.lang.ClassLoader.getResource(String)&quot; is null" type="java.lang.NullPointerException">java.lang.NullPointerException: Cannot invoke "java.net.URL.getFile()" because the return value of "java.lang.ClassLoader.getResource(String)" is null
	at TP1.MouadProjet.AwesomePasswordCheckerTest.setUp(AwesomePasswordCheckerTest.java:22)
</error>
  </testcase>
</testsuite>