<?xml version="1.0" encoding="UTF-8"?>
<testsuite xmlns:xsi="http://www.w3.org/2001/XMLSchema-instance" xsi:noNamespaceSchemaLocation="https://maven.apache.org/surefire/maven-surefire-plugin/xsd/surefire-test-report.xsd" name="TP1.MouadProjet.AwesomePasswordCheckerTest" time="0.092" tests="4" errors="0" skipped="0" failures="0">
  <properties>
[...]
</properties>
  <testcase name="testComputeMD5" classname="TP1.MouadProjet.AwesomePasswordCheckerTest" time="0.068"/>
  <testcase name="testComputeMd5" classname="TP1.MouadProjet.AwesomePasswordCheckerTest" time="0.001"/>
  <testcase name="testMaskAff" classname="TP1.MouadProjet.AwesomePasswordCheckerTest" time="0.006"/>
  <testcase name="testEuclideanDistance" classname="TP1.MouadProjet.AwesomePasswordCheckerTest" time="0.001"/>
</testsuite>