-------------------------------------------------------------------------------
Test set: TP1.MouadProjet.AwesomePasswordCheckerTest
-------------------------------------------------------------------------------
Tests run: 4, Failures: 0, Errors: 4, Skipped: 0, Time elapsed: 0.062 s <<< FAILURE! - in TP1.MouadProjet.AwesomePasswordCheckerTest
testComputeMd5  Time elapsed: 0.033 s  <<< ERROR!
java.lang.NullPointerException: Cannot invoke "java.net.URL.getFile()" because the return value of "java.lang.ClassLoader.getResource(String)" is null
	at TP1.MouadProjet.AwesomePasswordCheckerTest.setUp(AwesomePasswordCheckerTest.java:22)

testMaskAff  Time elapsed: 0.001 s  <<< ERROR!
java.lang.NullPointerException: Cannot invoke "java.net.URL.getFile()" because the return value of "java.lang.ClassLoader.getResource(String)" is null
	at TP1.MouadProjet.AwesomePasswordCheckerTest.setUp(AwesomePasswordCheckerTest.java:22)

testGetDistance  Time elapsed: 0.001 s  <<< ERROR!
java.lang.NullPointerException: Cannot invoke "java.net.URL.getFile()" because the return value of "java.lang.ClassLoader.getResource(String)" is null
	at TP1.MouadProjet.AwesomePasswordCheckerTest.setUp(AwesomePasswordCheckerTest.java:22)

testClusterCentersLoaded  Time elapsed: 0.001 s  <<< ERROR!
java.lang.NullPointerException: Cannot invoke "java.net.URL.getFile()" because the return value of "java.lang.ClassLoader.getResource(String)" is null
	at TP1.MouadProjet.AwesomePasswordCheckerTest.setUp(AwesomePasswordCheckerTest.java:22)

